<?xml version="1.0" encoding="UTF-8"?>
<!-- Generated by org.testng.reporters.JUnitXMLReporter -->
<testsuite ignored="1" hostname="1s-iMac.local" failures="0" tests="1" name="Surefire test" time="1.215" errors="0" timestamp="2026-03-25T17:03:43 GMT+05:00">
  <testcase classname="Day6.XMLSchemaValidation" name="xmlSchemaValidation2" time="1.193"/>
  <testcase classname="Day6.XMLSchemaValidation" name="xmlSchemaValidation" time="0.0">
    <ignored/>
  </testcase> <!-- xmlSchemaValidation -->
</testsuite> <!-- Surefire test -->
