<?xml version="1.0" encoding="UTF-8"?>
<!-- Generated by org.testng.reporters.JUnitXMLReporter -->
<testsuite ignored="1" hostname="1s-iMac.local" failures="1" tests="1" name="Surefire test" time="1.88" errors="0" timestamp="2026-03-26T10:25:19 GMT+05:00">
  <testcase classname="Day6.XMLSchemaValidation" name="xmlSchemaValidation2" time="1.851">
    <failure type="java.lang.RuntimeException" message="Ошибка парсинга XML или валидации по XSD">
      <![CDATA[java.lang.RuntimeException: Ошибка парсинга XML или валидации по XSD
at XMLSchemeValidationUtility.XmlSchemaValidator.validatorXmlSchema(XmlSchemaValidator.java:164)
at Day6.XMLSchemaValidation.xmlSchemaValidation2(XMLSchemaValidation.java:66)
at java.base/java.util.ArrayList.forEach(ArrayList.java:1604)
Caused by: org.xml.sax.SAXParseException; lineNumber: 1; columnNumber: 63; cvc-complex-type.2.4.a: Invalid content was found starting with element 'status'. One of '{message}' is expected.
at java.xml/com.sun.org.apache.xerces.internal.util.ErrorHandlerWrapper.createSAXParseException(ErrorHandlerWrapper.java:204)
at java.xml/com.sun.org.apache.xerces.internal.util.ErrorHandlerWrapper.error(ErrorHandlerWrapper.java:135)
at java.xml/com.sun.org.apache.xerces.internal.impl.XMLErrorReporter.reportError(XMLErrorReporter.java:396)
at java.xml/com.sun.org.apache.xerces.internal.impl.XMLErrorReporter.reportError(XMLErrorReporter.java:327)
at java.xml/com.sun.org.apache.xerces.internal.impl.XMLErrorReporter.reportError(XMLErrorReporter.java:284)
at java.xml/com.sun.org.apache.xerces.internal.impl.xs.XMLSchemaValidator$XSIErrorReporter.reportError(XMLSchemaValidator.java:512)
at java.xml/com.sun.org.apache.xerces.internal.impl.xs.XMLSchemaValidator.reportSchemaError(XMLSchemaValidator.java:3596)
at java.xml/com.sun.org.apache.xerces.internal.impl.xs.XMLSchemaValidator.handleStartElement(XMLSchemaValidator.java:1972)
at java.xml/com.sun.org.apache.xerces.internal.impl.xs.XMLSchemaValidator.startElement(XMLSchemaValidator.java:830)
at java.xml/com.sun.org.apache.xerces.internal.impl.XMLNSDocumentScannerImpl.scanStartElement(XMLNSDocumentScannerImpl.java:376)
at java.xml/com.sun.org.apache.xerces.internal.impl.XMLDocumentFragmentScannerImpl$FragmentContentDriver.next(XMLDocumentFragmentScannerImpl.java:2736)
at java.xml/com.sun.org.apache.xerces.internal.impl.XMLDocumentScannerImpl.next(XMLDocumentScannerImpl.java:635)
at java.xml/com.sun.org.apache.xerces.internal.impl.XMLNSDocumentScannerImpl.next(XMLNSDocumentScannerImpl.java:113)
at java.xml/com.sun.org.apache.xerces.internal.impl.XMLDocumentFragmentScannerImpl.scanDocument(XMLDocumentFragmentScannerImpl.java:551)
at java.xml/com.sun.org.apache.xerces.internal.parsers.XML11Configuration.parse(XML11Configuration.java:890)
at java.xml/com.sun.org.apache.xerces.internal.parsers.XML11Configuration.parse(XML11Configuration.java:826)
at java.xml/com.sun.org.apache.xerces.internal.jaxp.validation.StreamValidatorHelper.validate(StreamValidatorHelper.java:177)
at java.xml/com.sun.org.apache.xerces.internal.jaxp.validation.ValidatorImpl.validate(ValidatorImpl.java:115)
at java.xml/javax.xml.validation.Validator.validate(Validator.java:124)
at XMLSchemeValidationUtility.XmlSchemaValidator.validatorXmlSchema(XmlSchemaValidator.java:155)
... 32 more
... Removed 30 stack frames]]>
    </failure>
  </testcase> <!-- xmlSchemaValidation2 -->
  <testcase classname="Day6.XMLSchemaValidation" name="xmlSchemaValidation" time="0.0">
    <ignored/>
  </testcase> <!-- xmlSchemaValidation -->
</testsuite> <!-- Surefire test -->
