<?xml version="1.0" encoding="UTF-8"?>
<testng-results ignored="1" total="2" passed="1" failed="0" skipped="0">
  <reporter-output>
  </reporter-output>
  <suite started-at="2026-03-25T17:03:42 GMT+05:00" name="Surefire suite" finished-at="2026-03-25T17:03:43 GMT+05:00" duration-ms="1215">
    <groups>
    </groups>
    <test started-at="2026-03-25T17:03:42 GMT+05:00" name="Surefire test" finished-at="2026-03-25T17:03:43 GMT+05:00" duration-ms="1215">
      <class name="Day6.XMLSchemaValidation">
        <test-method signature="xmlSchemaValidation2()[pri:0, instance:Day6.XMLSchemaValidation@971d0d8]" started-at="2026-03-25T17:03:42 GMT+05:00" name="xmlSchemaValidation2" finished-at="2026-03-25T17:03:43 GMT+05:00" duration-ms="1193" status="PASS">
          <reporter-output>
          </reporter-output>
        </test-method> <!-- xmlSchemaValidation2 -->
      </class> <!-- Day6.XMLSchemaValidation -->
    </test> <!-- Surefire test -->
  </suite> <!-- Surefire suite -->
</testng-results>
