<?xml version="1.0" encoding="UTF-8"?>
<testsuite xmlns:xsi="http://www.w3.org/2001/XMLSchema-instance" xsi:noNamespaceSchemaLocation="https://maven.apache.org/surefire/maven-surefire-plugin/xsd/surefire-test-report-3.0.xsd" version="3.0" name="TestSuite" time="28.248" tests="9" errors="0" skipped="0" failures="1">
  <properties>
[...]
</properties>
  <testcase name="coocieDemo" classname="Day3.CoociesDemo" time="20.681">
    <failure message="1 expectation failed.&#10;Expected cookie &quot;AEC&quot; was not &quot;AaJma5sbxHxqFZpPQq-ZFYyxjno2TDXfnEB4T5vRmVV55kRj6PU3m7u4wQ&quot;, was &quot;AaJma5v743fzG9uXmCZ4HDLtqIrf2_Pm73M7WdSCAmOL9REadTXBEecCSpk&quot;.&#10;" type="java.lang.AssertionError"><![CDATA[java.lang.AssertionError: 
1 expectation failed.
Expected cookie "AEC" was not "AaJma5sbxHxqFZpPQq-ZFYyxjno2TDXfnEB4T5vRmVV55kRj6PU3m7u4wQ", was "AaJma5v743fzG9uXmCZ4HDLtqIrf2_Pm73M7WdSCAmOL9REadTXBEecCSpk".

	at org.codehaus.groovy.vmplugin.v8.IndyInterface.fromCache(IndyInterface.java:344)
	at io.restassured.internal.ResponseSpecificationImpl$HamcrestAssertionClosure.validate(ResponseSpecificationImpl.groovy:516)
	at org.codehaus.groovy.vmplugin.v8.IndyInterface.fromCache(IndyInterface.java:344)
	at io.restassured.internal.ResponseSpecificationImpl.validateResponseIfRequired(ResponseSpecificationImpl.groovy:714)
	at org.codehaus.groovy.vmplugin.v8.IndyInterface.fromCache(IndyInterface.java:344)
	at io.restassured.internal.ResponseSpecificationImpl.cookie(ResponseSpecificationImpl.groovy:233)
	at org.codehaus.groovy.vmplugin.v8.IndyInterface.fromCache(IndyInterface.java:344)
	at io.restassured.internal.ResponseSpecificationImpl.cookie(ResponseSpecificationImpl.groovy:254)
	at io.restassured.internal.ValidatableResponseOptionsImpl.cookie(ValidatableResponseOptionsImpl.java:158)
	at Day3.CoociesDemo.coocieDemo(CoociesDemo.java:21)
	at java.base/jdk.internal.reflect.DirectMethodHandleAccessor.invoke(DirectMethodHandleAccessor.java:104)
	at java.base/java.lang.reflect.Method.invoke(Method.java:565)
	at org.testng.internal.invokers.MethodInvocationHelper.invokeMethod(MethodInvocationHelper.java:141)
	at org.testng.internal.invokers.TestInvoker.invokeMethod(TestInvoker.java:687)
	at org.testng.internal.invokers.TestInvoker.invokeTestMethod(TestInvoker.java:230)
	at org.testng.internal.invokers.MethodRunner.runInSequence(MethodRunner.java:63)
	at org.testng.internal.invokers.TestInvoker$MethodInvocationAgent.invoke(TestInvoker.java:995)
	at org.testng.internal.invokers.TestInvoker.invokeTestMethods(TestInvoker.java:203)
	at org.testng.internal.invokers.TestMethodWorker.invokeTestMethods(TestMethodWorker.java:154)
	at org.testng.internal.invokers.TestMethodWorker.run(TestMethodWorker.java:134)
	at java.base/java.util.ArrayList.forEach(ArrayList.java:1604)
	at org.testng.TestRunner.privateRun(TestRunner.java:741)
	at org.testng.TestRunner.run(TestRunner.java:616)
	at org.testng.SuiteRunner.runTest(SuiteRunner.java:421)
	at org.testng.SuiteRunner.runSequentially(SuiteRunner.java:413)
	at org.testng.SuiteRunner.privateRun(SuiteRunner.java:373)
	at org.testng.SuiteRunner.run(SuiteRunner.java:312)
	at org.testng.SuiteRunnerWorker.runSuite(SuiteRunnerWorker.java:52)
	at org.testng.SuiteRunnerWorker.run(SuiteRunnerWorker.java:95)
	at org.testng.TestNG.runSuitesSequentially(TestNG.java:1274)
	at org.testng.TestNG.runSuitesLocally(TestNG.java:1208)
	at org.testng.TestNG.runSuites(TestNG.java:1112)
	at org.testng.TestNG.run(TestNG.java:1079)
	at org.apache.maven.surefire.testng.TestNGExecutor.run(TestNGExecutor.java:308)
	at org.apache.maven.surefire.testng.TestNGXmlTestSuite.execute(TestNGXmlTestSuite.java:71)
	at org.apache.maven.surefire.testng.TestNGProvider.invoke(TestNGProvider.java:113)
	at org.apache.maven.surefire.booter.ForkedBooter.runSuitesInProcess(ForkedBooter.java:385)
	at org.apache.maven.surefire.booter.ForkedBooter.execute(ForkedBooter.java:162)
	at org.apache.maven.surefire.booter.ForkedBooter.run(ForkedBooter.java:507)
	at org.apache.maven.surefire.booter.ForkedBooter.main(ForkedBooter.java:495)
]]></failure>
    <system-err><![CDATA[SLF4J(W): No SLF4J providers were found.
SLF4J(W): Defaulting to no-operation (NOP) logger implementation
SLF4J(W): See https://www.slf4j.org/codes.html#noProviders for further details.
]]></system-err>
  </testcase>
  <testcase name="GetCoocieInfo" classname="Day3.CoociesDemo" time="0.648">
    <system-out><![CDATA[AaJma5tVJJ7Z-rs_lj2Jvjjn6XWy8wLEzsg8Slf45_72YpPzYYLuPFQG7GM

__Secure-STRP : AD6DogsnU2obASYMSUE0iUDcCwXktuqhVEFtOke44YfVTb_IiNGEn3YaY3VJGfXw7rtX4Ct3ItHUnpzY76-N9l35BzRfJneDvUFD
AEC : AaJma5tVJJ7Z-rs_lj2Jvjjn6XWy8wLEzsg8Slf45_72YpPzYYLuPFQG7GM
NID : 529=H6p5FQVFYAN49Lm_sI08Y9Sb_FVLnLkW2mWg9Ph6AsVglWii8JI9sehJh2r30A1ndd2Tb5ecakdrRqhMiQTy-xaC3J1oJCA0_UCzh2b7hrLhEM5rD995kB5rQ6J0lZVBe3d3XygKTA4AS0MNFe-j4WtHi5dYMnDi4e-EIUhm_obMRKJ62Y2Gp4-gqt2TKBhRR1KEmXGO-GruwWa4TWCRVGVplqjz6-I6ig
__Secure-BUCKET : CNoF
[__Secure-STRP, AEC, NID, __Secure-BUCKET]
]]></system-out>
  </testcase>
  <testcase name="testHeaders" classname="Day3.HeadersDemo" time="0.551"/>
  <testcase name="getHeaders" classname="Day3.HeadersDemo" time="0.54">
    <system-out><![CDATA[Date=Tue, 03 Mar 2026 13:06:15 GMT
Expires=-1
Cache-Control=private, max-age=0
Content-Type=text/html; charset=ISO-8859-1
Content-Security-Policy-Report-Only=object-src 'none';base-uri 'self';script-src 'nonce-tKz1597gXJGFnZjissT64g' 'strict-dynamic' 'report-sample' 'unsafe-eval' 'unsafe-inline' https: http:;report-uri https://csp.withgoogle.com/csp/gws/other-hp
Reporting-Endpoints=default="//www.google.com/httpservice/retry/jserror?ei=x9ymaezRI9v0kPIP_ve4iQ4&cad=crash&error=Page%20Crash&jsel=1&bver=2385&dpf=_4e_vJMGmTPHGozPQyJpRfr-xgz6IPkR9Cl2Qwvudsg"
Accept-CH=Sec-CH-Prefers-Color-Scheme
P3P=CP="This is not a P3P policy! See g.co/p3phelp for more info."
Content-Encoding=gzip
Server=gws
X-XSS-Protection=0
X-Frame-Options=SAMEORIGIN
Set-Cookie=__Secure-STRP=AD6DogsW1qQxhZgVRUm9UvxyeInkZNnfKsWMp4kGK324SvjN2zl2TIQvZs3KPhC9mgBbkS-t5Yg4k8uPf7lPNHi2zPDH70HvNFVC; expires=Tue, 03-Mar-2026 13:11:15 GMT; path=/; domain=.google.com; Secure; SameSite=strict
Set-Cookie=AEC=AaJma5t0oHHdA6PhEx_Gg1jT4wyy_iYwm4oJ7RK2MVw4vG5lbE3h_tDqxQ; expires=Sun, 30-Aug-2026 13:06:15 GMT; path=/; domain=.google.com; Secure; HttpOnly; SameSite=lax
Set-Cookie=NID=529=cuxhtchagsrI3JfDznUjRDRuPrDSlMd4nEUOdodbYvjaAySiY8z6KA9TlUy7AfOpVfj5RBvoWb74qyzcUYAF0EhPtuAMQ2A_uiXP3szNLRVk7aTcV1prtecvCxtFVplAPmNdYsfqIR4zhWu0J1e-nJ3KGadwjzu2zi6MO541Tgia_VRxQ-QTMn6RdinnFcVQXUo69nenRdsu1mG9weOv_xEqbAUsjtjXY1U; expires=Wed, 02-Sep-2026 13:06:15 GMT; path=/; domain=.google.com; HttpOnly
Set-Cookie=__Secure-BUCKET=COUH; expires=Sun, 30-Aug-2026 13:06:15 GMT; path=/; domain=.google.com; Secure; HttpOnly
Alt-Svc=h3=":443"; ma=2592000,h3-29=":443"; ma=2592000
Transfer-Encoding=chunked
]]></system-out>
  </testcase>
  <testcase name="testQueryAndPathParameters" classname="Day3.TestQueryAndPathParameters" time="0.734">
    <system-out><![CDATA[{
    "error": "trial_expired",
    "error_code": "TRIAL_EXPIRED",
    "message": "Your 14-day free trial has expired. Upgrade to continue using ReqRes.",
    "trial": {
        "expired": true,
        "days_remaining": 0,
        "expires_at": "2026-03-02T17:48:48.710Z"
    },
    "upgrade_url": "https://app.reqres.in/upgrade?source=trial_expired",
    "docs_url": "https://reqres.in/pricing"
}
]]></system-out>
  </testcase>
  <testcase name="downloadFile" classname="Day5_Parsing_XML_Respons.FileUploadAndDownload" time="1.988">
    <system-out><![CDATA[HTTP/1.1 200 OK
Date: Tue, 03 Mar 2026 13:06:17 GMT
Content-Type: image/png
Content-Length: 8090
Connection: keep-alive
Server: gunicorn/19.9.0
Access-Control-Allow-Origin: *
Access-Control-Allow-Credentials: true

�PNG
&amp#26;
&amp#0;&amp#0;&amp#0;
IHDR&amp#0;&amp#0;&amp#0;d&amp#0;&amp#0;&amp#0;d&amp#8;&amp#2;&amp#0;&amp#0;&amp#0;��&amp#2;&amp#3;&amp#0;&amp#0;&amp#31;aIDATx��}wXS���J#�&amp#23;� &amp#2;�&amp#8;�J&amp#25;&amp#17;E&amp#16;&amp#28;&amp#17;&amp#20;&amp#16;�tl(��FGGT��\�&amp#14;VԱ�a�
�&amp#17;&amp#27;EA&amp#20;QA�&��B&amp#0;EzoI &amp#16;���c�&amp#16;!�$Dw����99gg�u޳�>{���&amp#14;&amp#14;�0&amp#0;`��ǎ&amp#29;KJJ������$��&amp#20;
��&amp#3;UUU&amp#26;�fjjjbbbjj�&amp#14;TTT`&amp#16;�0��������`0&amp#24;���r&��b��L&������"000�쁉�	�@&amp#24;�������ҏ&amp#31;?~��&amp#17;&amp#29;|���fw�����d;;;77��� UUU�ѩ��&&&2����vvvAAAw��mmmŤFyy��3g�O����,߭*))9;;&amp#31;;v���Dz����w��

������2i411IMM�0&amp#12;�f�������&amp#1;���t2������r;��N.&amp#23;&amp#29;�wu�74|��k���/�@ ���yyy-_����H�������蘘�����WU�d���������:�����&amp#3;`r8m���YC�X�cƌ������&amp#29;?~�X���������������x�&amp#11;h(+�&amp#14;&amp#29;j�����D&�($&amp#18;�DB&amp#7;���i���>~&amp#4;&amp#0;##���&amp#2;ܾ}����&amp#3;&amp#0;!�&amp#22;m��&amp#29;�^&amp#0;&amp#0;hb�J��?�ս)+{��mzQQ'�+����gΜ�z�j///&amp#2;�������bbbbbbJJJD�&amp#24;��ΰ�&amp#25;cdd5|����::8&amp#28;N����悪�ª�w&amp#21;&amp#21;&amp#15;��
��D�&amp#26;&amp#26;&amp#26;����������H$&amp#30;�w�޽?��3!!���&amp#11;��I��&amp#22;&amp#22;��G�566&amp#29;:�DOOGMM���11ۯ\&amp#1;�}���L����2�F�=|&amp#24;Y\���Wr��w��8&amp#28;&amp#30;����d"���t������6j�&amp#0;&amp#0;��r�&amp#23;&amp#22;>~�6177K�&amp#14;&amp#3;&amp#3;&amp#3;{{��/_VTT�*���|�����mMM%��E&amp#20;TV�dgGgff&amp#20;&amp#23;�n&amp#23;AWW���>77���Zx������f��юt:�D&amp#2;�f6;��H/*z�`d&amp#22;&amp#23;���&amp#11;&amp#11;�Q�˧N�0s���2&amp#0;`&amp#24;f�m��O��L�����(**
�2%r�z&amp#0;���i��&amp#29;��j,&amp#0;�p8����1c�͘1r�p�Ko���LJ�����f��'&amp#18;&amp#8;�VV~&amp#19;&��&amp#31;o��7H�����%6;;:++9?_��&amp#3;����bg��nnc���&amp#25;>����9�����(���rڴ��~B�K���RJ���&amp#5;&amp#17;=&amp#1;}--taOT&amp#20;bj�����&amp#26;���cX&amp#11;�]XU��0&amp#12;�
*+&amp#11;*+�>x�>n�foowkk�ű��^vv�&amp#31;&amp#11;�&amp#25;&amp#14;&amp#25;�9s�N�$Z&amp#25;&amp#21;&amp#14;}-��nn��ܘ&amp#29;&amp#29;1��&amp#7;n�d��)&amp#14;��Z&amp#28;�x95u���&amp#31;���E�����HW&amp#23;����7��&amp#11;*+/$'��`&amp#1;USSHNuu5���&amp#27;&amp#0;&amp#8;=/&amp#8;&amp#30;�&amp#15;&amp#0;;��&amp#14;.\(jS[GGVqqzQ��o���1&amp#12;K��K��{&amp#16;&amp#28;<}ܸ����ȸ�/QaM&amp#21;�&amp#29;~~����JJ_��~PWV^����1�ѣ}7nԶ�r��~8vl���'�-�jj.��&amp#15;>�!󖺸L&amp#31;7n���&amp#16;u�>rV��y������P

t&amp#6;���ݍ�R����k��Ϯ\	&amp#0;,&amp#14;�S}�(CC	=nQu���ċO��8��������?&amp#31;>���&amp#1;@�H\����9s�&amp#27;�-��p���&amp#29;��cq8&amp#0;���������K��W��-suU�P����_�{��J���tzaa���ӕ
&amp#27;d2�����/:y2��Gd�|G��&amp#22;,0�Re���P�ں��Ͱ�$.�&amp#7;&amp#0;&amp#22;Æ�n�f�yW+
&amp#22;�>}%5�N��555&amp#1;@�(F2r>|pݳ&amp#7;1�<rd����&amp#2;&amp#3;�{�&amp#2;����gV�x{����=&amp#0;&amp#20;UWOܵ+��+Y�w�����,�w�4�����}�j[[&amp#1;`����={ƛ��jķ�Űaw�n=&amp#18;&amp#16;���Z�۽��h\�L&amp#18;z����&amp#2;�&&amp#22;K�o������&amp#31;Ϟ���V"&amp#18;�׮=�d	A�	ķǖY��v��PV�c��K���9�g�!&amp#1;�&amp#28;---<��|���<�@hmo�:t��ݻ&amp#0;@��|�gϏS�&amp#14;�&amp#22;�)<mm_��&amp#27;�("�>uݻ������0�Cm-&amp#0;&amp#24;&amp#27;&amp#27;㭬�&amp#0;������I��Jjk&amp#29;��&amp#19;��&amp#0;���$���&amp#29;����÷�(C�̃&amp#7;]G�&amp#6;���"��;sKK%������&amp#11;&amp#0;�t:��s�E55&amp#18;���&amp#20;���0qbځ&amp#3;FC�(�&amp#6;�1���?&amp#8;&amp#14;�i�t&amp#0;�hl�<tHr-&amp#17;��&amp#25;Y�ϧ������O�@Lm�5+j�&&amp#21;2Ya�s�&amp#8;��V&amp#29;	&amp#8;&amp#0;���f�#GP�&amp#17;&amp#11;!-t:&amp#29;O�RQ&amp#31;/�fm�|&amp#25;��&amp#31;&N<�x�&amp#23;=&amp#4;�&amp#8;l�5k��&amp#7;&amp#0;d���x��@�&amp#16;-ZZZT*&amp#21;&amp#15;&amp#0;��z�`�-}��&amp#19;ԣۘ�D�[��)��e˦�&amp#29;&amp#11;&amp#0;ן?���-�e&amp#16;-�"<&amp#0;���&amp#0;@fq1����ya�O�	&amp#0;TM�����ѭ�?�&amp#4;͛G��&amp#3;�;��}
0;:2����"<&amp#0;L�6
&amp#0;�y���މ&amp#22;-ol�}�(&amp#26;O�޲�&amp#31;ڣK���j���**&amp#24;�&amp#5;�>����է��!&amp#31;&amp#12;�&amp#8;&amp#15;&amp#0;NNNd2&amp#25;&amp#0;�޼&amp#17;�k���;|&amp#24;��ϯZ��&amp#27;%H&amp#15;����޸��ǳ;;}BB�Z[��&amp#16;!d2���	&amp#16;Y��ʎ��&amp#0;�H����/�y�fo���S>̰�9�x1&amp#0;�54�	&amp#11;&amp#19;�G�8::��&amp#21;�4&amp#5;U���r4Z-���3)	&amp#0;�G�DR��c�����&amp#19;&amp#0;���|^X&amp#8;&amp#0;&amp#31;jk��ˡ�&amp#28;&amp#16;�5w�\tp��&amp#19;&amp#0;�q�j7�����&amp#19;�}��р&amp#0;�&amp#6;�z�2�P&amp#1;"�&amp#8;����D�2���g&amp#5;&amp#5;�32&amp#0;`����/�k`���FOO&amp#0;x^Xx�ŋ��O&amp#1;������&amp#18;&amp#21;�	�����+V�&amp#0;&amp#0;5
���(&amp#17;��O����O}&amp#3;�ut��_��dRH$&amp#14;�&amp#11;&amp#0;&amp#23;.\X�|9��K&amp#22;��&amp#26;6l&amp#24;��W�����ҥ�W����UT��2{s�Q��
l��mmB�z=.�A"�޽M&amp#17;&amp#17;�XMM���Z�gm&amp#17;'����&amp#31;/^�&amp#8;&amp#0;�**%�O&amp#15;ҏ���~�}�D|������
&amp#0;���V��l��&amp#12;�=�4�x&amp#5;&amp#12;��'%��ű8��lm&amp#1;��Wj&amp#20;��Y�ָ�
r����M&amp#15;&amp#12;,��&amp#7;������H�%�h9CCCt���o�L&amp#21;UW�;u��¢��000&amp#16;�����iŊ	��Q&amp#27;6X&amp#12;&amp#27;&�����Ϸ�p1��[�,�&amp#1;@^^����oggG�Yc��-��JD�&amp#5;&amp#11;&amp#2;N�&amp#6;&amp#0;��3��&amp#22;���.]�&amp#4;&amp#0;�C�&amp#4;zzʭ&amp#12;&amp#0;�<��S���[&amp#23;��PUU�p�Bsssss�&amp#11;&amp#23;VUU�%$,]�n�S�&amp#1;�r%��a�N����x����rE%s��癙�&amp#30;&amp#30;�N��K�Ȕ&amp#0;''k&amp#26;
&amp#0;�_��"� �m�)))h&amp#6;��իW��
FY���o::b��;q�Ķm���$&amp#2;�H<|��M�|���*+�:�L��ݽ&amp#27;_Z���Ihh�X�&amp#27;7ntsu�41	��&amp#30;�-�fg�&amp#30;>&amp#12;&amp#0;&amp#17;&amp#17;&amp#17;K�,A'{�


:~�8�@�����!wuw�Z�(..++stt�&amp#31;�B &amp#16;�?nlll9bDCX�&amp#18;�(VN���!+W�z����^�d===�q�&amp#26;��k0o&amp#18;.�7t��&amp#22;6{��ٷz&amp#28;&amp#18;��bbb&amp#0;���j���o��L�����CBB�F��x���&amp#16;}}}Sc�7ee�K~[^n��ojj*Y���������r��&amp#1;�D x��&amp#2;@bb"��A'&amp#5;d��磨 �	&amp#19;&amp#6;�&amp#3;&amp#0;�JJl��&amp#0; ���C&amp#8;t���.��P�/K���J���L��&amp#2;�6��줤$tF@Vtt4:�&amp#25; *Lz��|&amp#20;�(��&amp#11;��x&amp#0;@ &amp#16;x"�S_&amp#4;��QSW�F���:��:ȍ&amp#25;66d&amp#18;	D�&amp#17;��ڠ5�6����ff�99&amp#0;`oo?P&amp#25;t)7'�;33�%��$������c�&amp#0;@\\&amp#28;���&amp#3;@EE&amp#5;�^�&amp#29;�&amp#8;�amb�()ijjڼy���!&amp#14;�ۼysSS&amp#19;���F�XV;S��&amp#12;&amp#6;�͖,��f�g0�&amp#6;&amp#29;/&amp#7;=-����ŋ&amp#23;�Ȋ��&amp#21;�6HPH�Unn&amp#27;~����e����&amp#11;�޽���e��?�rsCqxRB�L�;i��-[$K޾e��I�&amp#20;�&amp#1;�&amp#25;?&amp#30;=&amp#21;�����&�uu&amp#7;&amp#31;���ۼy&amp#25;ϞEDD�ݻ711�������������&amp#19;&amp#19;&amp#19;���&amp#27;&amp#17;&amp#17;����o���*�D@@ܝ;���&amp#3;I�����s�D@�BnD_K�a�&amp#8;�!&amp#11;���UUU;::V���{�j��&amp#0;��O��<i?y�&amp#31;��i�L>���ׯ]���v#0&amp#16;��eEZa�ܓ'&amp#23;.^�ۡC&amp#20;�0+&amp#14;��k��k�/�&amp#8;&amp#12;��8'�o�o&amp#7;��7&amp#0;455&amp#17;���;::&amp#0;`�&amp#0;Q�}��
--�b&amp#1;�&amp#3;<&amp#30;&amp#16;&amp#8;@���&amp#26;hk���ؚF�=th���4#�q�G7a&amp#2;&amp#0;���|���S��&amp#30;:$w3�L��		���E3&amp#26;�q���&amp#28;&amp#28;&amp#0;�eF���tg:�MH��Y�t6��0ʲ��&amp#0;���&amp#3;www&amp#0;@&amp#1;�_���&amp#6;&amp#26;&amp#27;&amp#1;��1&amp#12;0&amp#12;p8@}-&amp#30;&amp#15;�����������A�H�33SU�zZi}}Vqq�Ǐ&amp#0;`ojj?b��W��6����r�M&amp#0;&amp#16;&amp#30;&amp#30;Nd���~!$�ǃ�2`���&amp#7;>&amp#31;x<�V��@&amp#0;&amp#12;��zho&amp#7;&amp#26;
D�&amp#25;�d��ȑ�#G�D�40��3�ӛ;i��m&amp#22;�&amp#25;�J��y|~AA&amp#1;���&amp#16;ݒ���$Ӑ���^�|�@+&amp#30;&amp#15;|>&amp#16;&amp#8;��&amp#3;�
�� cg�����(���okk`2&amp#27;�L&amp#0;�UW�UW���0�ןdi�!G��"lV"&amp#18;M��Jjk&amp#11;&amp#11;&amp#11;�(����'�gVS#���
<�@7�@1&amp#0;&amp#16;&amp#8;&amp#2;�&amp#0;�dBc#|iE&amp#22;ð���[&amp#25;&amp#25;i���ee��*x&amp#28;n���d:}����c�H��S��4=���ں�:"��&amp#4;&amp#0;Iύ˅�&AMF*��Q�F��@&amp#0;&amp#28;NP��&amp#22;tt`�[�ok����a�&amp#30;&amp#21;�&amp#11;E����&amp#26;&amp#26;���&amp#0;�����ֆ��|&amp#12;{����O��=x0B_մi?N�*ɏ�P�&amp#17;9L&��,	�p--&amp#2;e<��)	u����&amp#11;�"��&amp#19;���&amp#14;�'���NH�&amp#29;&amp#21;%&amp#12;�P�P&amp#28;mm'��:���XY�ji��l������܂��^��z��իv&amp#14;���f��+�޾�޼_f�&amp#20;�Q��BrX,&amp#22;&amp#17;�P�K�&amp#11;g2&amp#5;�]�Aq�����H&amp#31;:�a���GqvIɪ�[&amp#24;i7zĈ5��/���&amp#24;8�&amp#8;��&amp#15;��qwttwt&amp#4;�6&amp#22;+26����o���&amp#29;&amp#29;�"""�>
��'1�u
�&amp#25;&amp#1;��d2�_�Y��&amp#0;=/]�Ϟ��G@�ŘLQ&amp#25;�32�w�FLY�h�����Ĭ����Th�����Ϗ��?ނF&amp#3;���R�ݻ�*��m�ի�" &amp#11;u
�:Lĺ�&amp#24;&amp#1;=7��&amp#17;{U��>��8��q&amp#14;�K"&amp#18;&amp#15;��˛����_�f`�tv~&amp#19;&amp#29;}��_HD"�˝{����D��,
�� &amp#31;���&amp#14;&amp#0;�/zP�(� P&amp#5;F&amp#29;��SD}&amp#1;��Ӯ/����p��aꪪ�Ν&amp#11;^�����&amp#30;��R�5�ΝSWU�cغ&amp#11;&amp#23;.��*��>@䨫�&amp#11;�j��4@&&amp#11;����x<&amp#16;�@"��&amp#18;�H@$
N
��p��&amp#6;&amp#0;E��k��&amp#0;`��VJd�tGG��&amp#17;�鎎)��C��&amp#0;`mXX�0�p&amp#16;6�&amp#7;"��,I5KM�W&amp#28;&amp#18;M &amp#8;�����>eTUy|���P&amp#22;����"&amp#14;&amp#30;���R,S&amp#8;6VV&amp#17;&amp#7;&amp#15;�p8&amp#22;�� 4T�z��f�*d�Y::�� ��H&amp#4;%����v��&amp#2;d��&amp#12;&amp#20;�1 ����+&amp#16;%����ƀ&amp#0;&amp#0;���Q���k�X��5&amp#11;-&amp#23;�54&amp#12;h��&amp#18;hk�>&amp#28;T�QMFZ�&amp#31;�O��&amp#8;&amp#0;N߿&amp#15;&amp#0;:���&amp#6;&amp#6;*��>�50PGSS�Tn�Ţ��&amp#17;&amp#0;tuu�(�������y@[��AYY�&amp#4;D���>�&amp#11;&amp#16;&amp#8;0|8�Ho��R߿&amp#7;�U?��"Kr�|P�PV��&amp#3;&amp#0;��/X^��f���y<&amp#20;�gii�&amp#23;&amp#6;&amp#31;&amp#21;&amp#12;�4&amp#0;8&amp#28;����
&amp#16;��?%��*�&amp#14;���ᠭ
&amp#0;�&amp#21;s�(�&amp#20;	&amp#16;*&amp#18;���f�(��Ga&amp#6;VVV�d&amp#21;J &amp#11;&amp#0;&amp#8;&amp#4;03��C&amp#5;
�cA&amp#4;&amp#2;()��
XZB��&amp#2;���H$s)}������&amp#18;�$T-��b!̸���"���())uuu��|[&amp#1;1��J�!C��&amp#29;Z[��&amp#2;&amp#28;&amp#14;�dPS&amp#3;55�PDg�%55&amp#0;@30�u{&amp#14;����i&amp#6;&amp#6;E�>����e�Y,����t"�@pppHMM}��'�QD"hh��"�P�%�s�6���������?nn��,&amp#25;ғ�/%&amp#26;[ZB.\������ӷ-_��y�A��&amp#4;�Hg�X��W&amp#26;�6t�P"&amp#0;������&amp#22;VU&amp#21;TVʑB,&amp#22;(m���
�0Q�Ӂ��O^�&amp#4;&amp#0;�JJX��;v�$6�#��&amp#0;p$<���&amp#29;۶Mx	ðҪ*�j����Ny�&amp#30;&amp#0;|||&amp#0;-�����k1�6��&amp#15;�T*&amp#0;tp8&amp#21;����o�L�n���I�[&amp#15;&amp#30;&amp#8;���QB&amp#15;*jk;8&amp#28;�j���˗(�&amp#2;Q�&amp#7;&amp#0;33�1c�&amp#0;@��&amp#1;&amp#23;�B��|�g&amp#5;&amp#23;�]d��.���}�d���q�"�V�%#:+&amp#11;&amp#0;����L�&amp#2;�X&amp#7;�\Fq�4������&amp#2;&amp#25;}��5�H�Y�5s�O���s�O&amp#15;^�FV�;V�\�驦����sW��'&amp#0;���>s�&amp#26;&amp#0;ؘ�8XX(�&amp#6;&amp#0;8\nbn.&amp#0;xyy&amp#17;�D&amp#16;����&amp#11;&amp#0;&amp#24;��*�%�2s&&amp#0;T��&amp#29;�	�&amp#5;&amp#0;s#����m��7CC�&amp#24;U�&amp#12;&amp#12;�&amp#30;9Қ�q��&amp#17;�H��񈈪�:�R�������N�!&amp#7;�d�&amp#31;?&amp#30;Eߢ��&amp#16;�;9�0���'�?Ւ���&amp#19;�>Ñ�����'&amp#1;��JE)%
&amp#1;��d�&amp#25;3&amp#4;z��P�����?�P>PH��7n$&amp#17;&amp#8;�<�­[�%�`ˍ򚚅[�v�x$&amp#2;��&amp#27;e�4�&amp#0;>���u�M�&���%&amp#11;u[�\�&amp#2;߉���&amp#7;��&amp#1;���r����&amp#1;�e��k&amp#6;c��ie%&amp#0;&amp#28;���W\�������6&amp#16;&amp#25;*�(Y���T*&amp#21;&amp#0;&amp#14;ܼ9��Yr ��{��&amp#15;&amp#0;T��:&amp#7;&amp#4;\�q�&amp#14;	�&amp#28;&amp#23;�&amp#28;&amp#16;PY[&amp#11;&amp#0;[}|&amp#6;&amp#25;��&amp#7;���&amp#0;�B����V�K&amp#22;�DBAO���G�&amp#20;�&amp#21;��&amp#29;^���ҥ8&amp#28;���
ر�uٲ������/*r]�,`ǎ6&amp#22;&amp#11;�ÝX�T�i�1YY(�nÆ
C�&amp#14;&amp#21;��,&amp#29;���&amp#26;5������Y|��L�&}&amp#17;���k�ª��&amp#1;�&amp#14;��f�|Ogg�'�|>?>5����	��h��@[�ܪU���&amp#21;&amp#5;��&amp#31;&amp#27;&amp#20;���R[[�Ç&amp#15;Z"&amp#19;2\�]U����ϟ&amp#15;&amp#0;{���ӓg�(0;:vGE�NH&amp#16;��&amp#26;��{89M��u���&amp#28;`0�(-}�����U�g·&amp#4;&amp#1;��e�����˻��@������y&amp#0;8z�hPP�襾da&amp#24;6a��l5
���顚��5&amp#5;&amp#0;�UT�q�����>�P)S(Cutt��u��&amp#0;�������������&amp#1;
e�E���g�&amp#24;Փi�@ttuYl�P��D��
&amp#11;&amp#11;����%&amp#11;&amp#0;���Q���&amp#30;&amp#30;gV�P�A&amp#8;��ο��ned�`0��(&amp#22;Z���,-�88,�<YQ&amp#17;^��{t�ΫW&amp#1; 222�_��&amp#24;�&amp#0;`ƌ&amp#25;���$&amp#2;������n&amp#1;�ΫW�&amp#21;&amp#20;&amp#4;ϙ�!���&amp#31;&amp#24;����H+((��&amp#21;�&amp#28;��&amp#1;���� �J�le5Z��z&amp#0;p/'g��+>���٭Pz4�X����f[[[�����Lœ���gkk�a������[��m&amp#25;&amp#24;�&amp#22;򖹺&amp#30;_����)��f&amp#7;��?�RR&amp#0;���4'$D>9k���?|&amp#8;&amp#0;�������_@�����zѢE&amp#0;&amp#16;��%�>fB�

B��&amp#23;�<&amp#25;�i�&amp#2;'R����&amp#26;�i&amp#19;b���⚼+I�&amp#31;#�����2&amp#5;&amp#3;�,&amp#0;hnnvpp(**��pq;v��&amp#31;Y���&amp#29;���w�&�&amp#6;����B&amp#22;-RT�\PY���՘�,&amp#0;��H������-_&س��i��wuw���eff&amp#14;�-��d&amp#1;@AA�ĉ&amp#19;[[[5��_����7���rŹsh&amp#7;&amp#28;&amp#2;&amp#30;�|��}��
&amp#27;D�iMK˞��&amp#11;��h&amp#8;�H���]K&amp#23;qBȄ��&amp#6;��;�Z[I$ңG��&amp#7;&amp#14;Z�D&amp#22;&amp#0;$$$x{{��|3*5��A�s��&amp#24;v!9yoT&amp#20;&amp#26;����k�ݗL�2N����������&amp#30;<@Γ�::���_�ꊗw����&amp#28;&amp#28;���	&amp#11;&amp#11;[�r���_ &amp#11;&amp#0;�&amp#30;=�u�V&amp#0;p&amp#29;=�Ap�`&amp#18;�;��B��&amp#11;��&amp#17;n^9�����i��ɒ}��L浴�ȧO�ˑ&amp#26;��;��6zy
f�]&amp#12;�~8~&amp#28;��&amp#7;&amp#6;&amp#6;���J.�e�&amp#0;`�ҥ(	����ϯZ%�q&amp#8;M,ֱ��Ȕ���F�Is*u���&amp#25;�jN����S(�55��jFu5���C]�pno�����%h�,�Ao��'*j�͛&amp#0;���&amp#30;&amp#31;&amp#31;��&amp#31;0�����NWW���t&amp#0;8&amp#18;&amp#16;�e֬AZ	&amp#0;|&amp#12;{��ݕ�ԛ���쒪B&Ϟ0a��˴�c�nt�������&amp#25;&amp#12;��tzzz��&amp#20;�rR�&amp#5;&amp#0;555���(&amp#14;|��G�e��&amp#4;�C'�����&amp#21;&amp#21;&amp#31;jkKjk?�֖54�1l���&amp#8;}}s}}s*�j�p&amp#15;kkEM�1&amp#12;�{�Ɓ[�0&amp#12;������&amp#16;.�K��d&amp#1;@nn���'�&amp#18;}�ر76o�J��n&amp#30;���}�&amp#29;�ٝ�K��&amp#3;�SZZZ���.R�C�@&amp#22;&amp#0;TVV����L�&amp#17;��q۷+jQ�۠���'$&amp#4;���tzll��u
A�!����SRR�&amp#15;���f�]�sse���&amp#17;�

�w�DL��������&amp#20;�J&amp#22;&amp#0;(++����&amp#7;&amp#14;&amp#28;�������/G������G[�&amp#5;&amp#6;&amp#6;���Kӣ��l�P&amp#20;w��	&amp#8;&amp#8;`��&amp#0;���t4 `0��&&amp#22;k׵kh�G"�Ξ=+y�)&amp#1;�&amp#5;&amp#0;yyy>>>eee&amp#0;�B&o�����'O���AGW������&amp#24;�/��ӻu떄��&amp#23;1(�&amp#0;���n͚5w��A&amp#31;���&amp#7;Ϟ�������|
����<~���
��nnnaaa��pU&amp#31;&amp#12;�,��ϟo۶---
}4��;�`����BF��"&+k�ի�++�Gkk됐���.2A1d!DGG�ܹ���&amp#0;}����ϟ?��v0�I��ǰ�������*&amp#22;&amp#0;�h�&amp#3;&amp#7;&amp#14;,Z�HQч�$&amp#11;&amp#0;x<ޅ&amp#11;&amp#23;���+�A%-UUO[[?{�&amp#25;66
_�&amp#1;&amp#0;&amp#14;�������̸�/�&amp#26;2&amp#0;hkk�ڵk���d�z�&amp#21;L&amp#22;&amp#2;��>q���Ç�"yVd&amp#18;��1c���}Əח���&amp#7;�l�ݗ/���&amp#18;ss��&amp#6;�B�lذa�Νr�&amp#12;���B&amp#22;BKKK\\\LLLbb"K�72p8�È&amp#17;��}7���r�03*U��A7�WZ_Ϩ�~WQ���U����1&amp#6;&amp#20;
���������W�+�Ȗ��G�&amp#16;�����ɱ�����U�&amp#2;�	x������+ol�P[�?�VWW���������}�?N)
�&amp#5;YB`&amp#24;���&amp#29;&amp#27;&amp#27;&amp#27;&amp#19;&amp#19;�Fd&amp#31;gYaaa�*����7&amp#11;&amp#29;�oL�(ZZZ&amp#24;&amp#12;&amp#6;������
)f�����54����wSl�&amp#0;&amp#0;&amp#0;&amp#0;IEND�B`�
]]></system-out>
  </testcase>
  <testcase name="multiFileUpload" classname="Day5_Parsing_XML_Respons.FileUploadAndDownload" time="1.302">
    <system-out><![CDATA[HTTP/1.1 200 OK
Date: Tue, 03 Mar 2026 13:06:19 GMT
Content-Type: application/json
Content-Length: 2876
Connection: keep-alive
Server: gunicorn/19.9.0
Access-Control-Allow-Origin: *
Access-Control-Allow-Credentials: true

{
    "args": {
        
    },
    "data": "",
    "files": {
        "file": "{\n  \"store\": {\n    \"book\": [\n      {\n        \"author\": \"Nigel Rees\",\n        \"category\": \"reference\",\n        \"price\": 150.50,\n        \"title\": \"Sayings of the Century\"\n      },\n      {\n        \"author\": \"Evelyn Waugh\",\n        \"category\": \"fiction\",\n        \"price\": 100.00,\n        \"title\": \"Sword of Honour\"\n      },\n      {\n        \"author\": \"Herman Melville\",\n        \"category\": \"fiction\",\n        \"price\": 120.75,\n        \"title\": \"Moby Dick\"\n      },\n      {\n        \"author\": \"J. R. R. Tolkien\",\n        \"category\": \"fantasy\",\n        \"price\": 200.00,\n        \"title\": \"The Lord of the Rings\"\n      },\n      {\n        \"author\": \"George Orwell\",\n        \"category\": \"dystopian\",\n        \"price\": 90.99,\n        \"title\": \"1984\"\n      },\n      {\n        \"author\": \"Jane Austen\",\n        \"category\": \"romance\",\n        \"price\": 85.50,\n        \"title\": \"Pride and Prejudice\"\n      },\n      {\n        \"author\": \"Fyodor Dostoevsky\",\n        \"category\": \"classic\",\n        \"price\": 110.00,\n        \"title\": \"Crime and Punishment\"\n      },\n      {\n        \"author\": \"Harper Lee\",\n        \"category\": \"fiction\",\n        \"price\": 95.25,\n        \"title\": \"To Kill a Mockingbird\"\n      },\n      {\n        \"author\": \"Dan Brown\",\n        \"category\": \"thriller\",\n        \"price\": 130.40,\n        \"title\": \"The Da Vinci Code\"\n      },\n      {\n        \"author\": \"Stephen King\",\n        \"category\": \"horror\",\n        \"price\": 140.60,\n        \"title\": \"The Shining\"\n      }\n    ]\n  }\n}",
        "file2": "{\n  \"students\": [\n    {\n      \"courses\": [\n        \"Android\",\n        \"Postman\"\n      ],\n      \"phone\": \"55500233\",\n      \"name\": \"Muxrifddin\",\n      \"location\": \"Uzbekistan\",\n      \"id\": \"1\"\n    },\n    {\n      \"id\": \"2\",\n      \"name\": \"Kim\",\n      \"location\": \"US\",\n      \"phone\": \"98876543213\",\n      \"courses\": [\n        \"Python\",\n        \"Cypress\"\n      ]\n    },\n    {\n      \"id\": \"1\",\n      \"courses\": [\n        \"Java\",\n        \"Selenium\"\n      ],\n      \"phone\": \"1234567890\",\n      \"name\": \"Panjabi MC\",\n      \"location\": \"India\"\n    }\n  ]\n}"
    },
    "form": {
        
    },
    "headers": {
        "Accept": "*/*",
        "Accept-Encoding": "gzip,deflate",
        "Content-Length": "2377",
        "Content-Type": "multipart/form-data; boundary=tsIXnSHe9iE7F-y9d_okxXhMdqqRMrWhpe4syD",
        "Host": "httpbin.org",
        "User-Agent": "Apache-HttpClient/4.5.13 (Java/25.0.2)",
        "X-Amzn-Trace-Id": "Root=1-69a6dccb-3bcd358d6bbc296473f7d760"
    },
    "json": null,
    "origin": "89.249.63.78",
    "url": "https://httpbin.org/post"
}
]]></system-out>
  </testcase>
  <testcase name="singleFileUpload" classname="Day5_Parsing_XML_Respons.FileUploadAndDownload" time="0.899">
    <system-out><![CDATA[HTTP/1.1 200 OK
Date: Tue, 03 Mar 2026 13:06:20 GMT
Content-Type: application/json
Content-Length: 2208
Connection: keep-alive
Server: gunicorn/19.9.0
Access-Control-Allow-Origin: *
Access-Control-Allow-Credentials: true

{
    "args": {
        
    },
    "data": "",
    "files": {
        "file": "{\n  \"store\": {\n    \"book\": [\n      {\n        \"author\": \"Nigel Rees\",\n        \"category\": \"reference\",\n        \"price\": 150.50,\n        \"title\": \"Sayings of the Century\"\n      },\n      {\n        \"author\": \"Evelyn Waugh\",\n        \"category\": \"fiction\",\n        \"price\": 100.00,\n        \"title\": \"Sword of Honour\"\n      },\n      {\n        \"author\": \"Herman Melville\",\n        \"category\": \"fiction\",\n        \"price\": 120.75,\n        \"title\": \"Moby Dick\"\n      },\n      {\n        \"author\": \"J. R. R. Tolkien\",\n        \"category\": \"fantasy\",\n        \"price\": 200.00,\n        \"title\": \"The Lord of the Rings\"\n      },\n      {\n        \"author\": \"George Orwell\",\n        \"category\": \"dystopian\",\n        \"price\": 90.99,\n        \"title\": \"1984\"\n      },\n      {\n        \"author\": \"Jane Austen\",\n        \"category\": \"romance\",\n        \"price\": 85.50,\n        \"title\": \"Pride and Prejudice\"\n      },\n      {\n        \"author\": \"Fyodor Dostoevsky\",\n        \"category\": \"classic\",\n        \"price\": 110.00,\n        \"title\": \"Crime and Punishment\"\n      },\n      {\n        \"author\": \"Harper Lee\",\n        \"category\": \"fiction\",\n        \"price\": 95.25,\n        \"title\": \"To Kill a Mockingbird\"\n      },\n      {\n        \"author\": \"Dan Brown\",\n        \"category\": \"thriller\",\n        \"price\": 130.40,\n        \"title\": \"The Da Vinci Code\"\n      },\n      {\n        \"author\": \"Stephen King\",\n        \"category\": \"horror\",\n        \"price\": 140.60,\n        \"title\": \"The Shining\"\n      }\n    ]\n  }\n}"
    },
    "form": {
        
    },
    "headers": {
        "Accept": "*/*",
        "Accept-Encoding": "gzip,deflate",
        "Content-Length": "1668",
        "Content-Type": "multipart/form-data; boundary=8meS4x_f40sigjXCRQsIcLTm6BLUozECn_-B",
        "Host": "httpbin.org",
        "User-Agent": "Apache-HttpClient/4.5.13 (Java/25.0.2)",
        "X-Amzn-Trace-Id": "Root=1-69a6dccc-3858e4e9288c5b331085466b"
    },
    "json": null,
    "origin": "89.249.63.78",
    "url": "https://httpbin.org/post"
}
]]></system-out>
  </testcase>
  <testcase name="testXMLResponse" classname="Day5_Parsing_XML_Respons.ParsingXMLResponse" time="0.597">
    <system-out><![CDATA[<?xml version="1.0" encoding="utf-8"?>
<soap:Envelope xmlns:soap="http://www.w3.org/2003/05/soap-envelope">
  <soap:Body>
    <m:ListOfContinentsByNameResponse xmlns:m="http://www.oorsprong.org/websamples.countryinfo">
      <m:ListOfContinentsByNameResult>
        <m:tContinent>
          <m:sCode>AF</m:sCode>
          <m:sName>Africa</m:sName>
        </m:tContinent>
        <m:tContinent>
          <m:sCode>AN</m:sCode>
          <m:sName>Antarctica</m:sName>
        </m:tContinent>
        <m:tContinent>
          <m:sCode>AS</m:sCode>
          <m:sName>Asia</m:sName>
        </m:tContinent>
        <m:tContinent>
          <m:sCode>EU</m:sCode>
          <m:sName>Europe</m:sName>
        </m:tContinent>
        <m:tContinent>
          <m:sCode>OC</m:sCode>
          <m:sName>Ocenania</m:sName>
        </m:tContinent>
        <m:tContinent>
          <m:sCode>AM</m:sCode>
          <m:sName>The Americas</m:sName>
        </m:tContinent>
      </m:ListOfContinentsByNameResult>
    </m:ListOfContinentsByNameResponse>
  </soap:Body>
</soap:Envelope>
[AF, AN, AS, EU, OC, AM]
[Africa, Antarctica, Asia, Europe, Ocenania, The Americas]
]]></system-out>
  </testcase>
</testsuite>