<?xml version="1.0" encoding="UTF-8"?>
<testng-results ignored="0" total="1" passed="1" failed="0" skipped="0">
  <reporter-output>
  </reporter-output>
  <suite started-at="2026-03-16T17:17:42 GMT+05:00" name="Surefire suite" finished-at="2026-03-16T17:17:43 GMT+05:00" duration-ms="1249">
    <groups>
    </groups>
    <test started-at="2026-03-16T17:17:42 GMT+05:00" name="Surefire test" finished-at="2026-03-16T17:17:43 GMT+05:00" duration-ms="1249">
      <class name="Day6.XMLSchemaValidation">
        <test-method signature="xmlSchemaValidation()[pri:0, instance:Day6.XMLSchemaValidation@1dd92fe2]" started-at="2026-03-16T17:17:42 GMT+05:00" name="xmlSchemaValidation" finished-at="2026-03-16T17:17:43 GMT+05:00" duration-ms="1226" status="PASS">
          <reporter-output>
          </reporter-output>
        </test-method> <!-- xmlSchemaValidation -->
      </class> <!-- Day6.XMLSchemaValidation -->
    </test> <!-- Surefire test -->
  </suite> <!-- Surefire suite -->
</testng-results>
