<?xml version="1.0" encoding="UTF-8"?>
<testsuite xmlns:xsi="http://www.w3.org/2001/XMLSchema-instance" xsi:noNamespaceSchemaLocation="https://maven.apache.org/surefire/maven-surefire-plugin/xsd/surefire-test-report-3.0.xsd" version="3.0" name="Day6.XMLSchemaValidation" time="1.437" tests="1" errors="0" skipped="0" failures="0">
  <properties>
[...]
</properties>
  <testcase name="xmlSchemaValidation2" classname="Day6.XMLSchemaValidation" time="1.194">
    <system-out><![CDATA[<?xml version="1.0" ?><S:Envelope xmlns:S="http://schemas.xmlsoap.org/soap/envelope/"><S:Body><ns2:p2pInfoResponse xmlns:ns2="http://soap.payment.asaka.my.uz/"><return><result><status>0</status><message>Success</message><serverTime>1774440222250</serverTime></result><sender><cardNumber>986004******2609</cardNumber><cardHolder>VASIF SULTANOV</cardHolder><cardType>Humo</cardType><bankId>4</bankId><bankName>Asakabank</bankName><bankLogoOptions><logo>https://monitoring.asakabank.uz/images/banks/logo/asaka-bank_1602757011105.png</logo><light>https://monitoring.asakabank.uz/images/banks/logo/asaka-bank_1602848101441.png</light><colorStart>215,0,25,1</colorStart><colorEnd>194,0,23,1</colorEnd></bankLogoOptions><accountId>2449630</accountId><accountType>Card</accountType><currency><code>000</code><symbol>UZS</symbol></currency></sender><receiver><cardNumber>986024******0639</cardNumber><cardHolder>VASIF SULTANOV</cardHolder><cardType>Humo</cardType><bankId>39</bankId><bankName>Octo bank</bankName><bankLogoOptions><logo>https://monitoring.asakabank.uz/images/banks/logo/ravnaq-bank_1602757028909.png</logo><light>https://monitoring.asakabank.uz/images/banks/logo/ravnaq-bank_1602848885848.png</light><colorStart>9,114,206,1</colorStart><colorEnd>3,48,164,1</colorEnd></bankLogoOptions><accountId>3335829</accountId><accountType>Card</accountType><currency><code>000</code><symbol>UZS</symbol></currency></receiver><amount><defaultValue>0</defaultValue><editable>true</editable><limitMin>100000</limitMin><limitMax>14999700000</limitMax><onceMaxAmount>5000000000</onceMaxAmount><availableDecimal>true</availableDecimal><currency><code>000</code><symbol>UZS</symbol></currency></amount><uzsAmount><defaultValue>0</defaultValue><editable>true</editable><limitMin>100000</limitMin><limitMax>14999700000</limitMax><onceMaxAmount>5000000000</onceMaxAmount><availableDecimal>true</availableDecimal><currency><code>000</code><symbol>UZS</symbol></currency></uzsAmount><serviceCharge><value>0.40</value><type>PERCENT</type></serviceCharge><serviceChargeDiscount><isDiscountAvailable>false</isDiscountAvailable></serviceChargeDiscount></return></ns2:p2pInfoResponse></S:Body></S:Envelope>
]]></system-out>
    <system-err><![CDATA[SLF4J(W): No SLF4J providers were found.
SLF4J(W): Defaulting to no-operation (NOP) logger implementation
SLF4J(W): See https://www.slf4j.org/codes.html#noProviders for further details.
]]></system-err>
  </testcase>
</testsuite>