<?xml version="1.0" encoding="UTF-8"?>
<!-- Generated by org.testng.reporters.JUnitXMLReporter -->
<testsuite ignored="0" hostname="1s-iMac.local" failures="1" tests="9" name="API Tests" time="27.972" errors="0" timestamp="2026-03-03T18:06:21 GMT+05:00">
  <testcase classname="Day3.CoociesDemo" name="coocieDemo" time="20.678">
    <failure type="java.lang.AssertionError" message="1 expectation failed.
Expected cookie &amp;quot;AEC&amp;quot; was not &amp;quot;AaJma5sbxHxqFZpPQq-ZFYyxjno2TDXfnEB4T5vRmVV55kRj6PU3m7u4wQ&amp;quot;, was &amp;quot;AaJma5v743fzG9uXmCZ4HDLtqIrf2_Pm73M7WdSCAmOL9REadTXBEecCSpk&amp;quot;.
">
      <![CDATA[java.lang.AssertionError: 1 expectation failed.
Expected cookie "AEC" was not "AaJma5sbxHxqFZpPQq-ZFYyxjno2TDXfnEB4T5vRmVV55kRj6PU3m7u4wQ", was "AaJma5v743fzG9uXmCZ4HDLtqIrf2_Pm73M7WdSCAmOL9REadTXBEecCSpk".

at org.codehaus.groovy.vmplugin.v8.IndyInterface.fromCache(IndyInterface.java:344)
at io.restassured.internal.ResponseSpecificationImpl$HamcrestAssertionClosure.validate(ResponseSpecificationImpl.groovy:516)
at org.codehaus.groovy.vmplugin.v8.IndyInterface.fromCache(IndyInterface.java:344)
at io.restassured.internal.ResponseSpecificationImpl.validateResponseIfRequired(ResponseSpecificationImpl.groovy:714)
at org.codehaus.groovy.vmplugin.v8.IndyInterface.fromCache(IndyInterface.java:344)
at io.restassured.internal.ResponseSpecificationImpl.cookie(ResponseSpecificationImpl.groovy:233)
at org.codehaus.groovy.vmplugin.v8.IndyInterface.fromCache(IndyInterface.java:344)
at io.restassured.internal.ResponseSpecificationImpl.cookie(ResponseSpecificationImpl.groovy:254)
at io.restassured.internal.ValidatableResponseOptionsImpl.cookie(ValidatableResponseOptionsImpl.java:158)
at Day3.CoociesDemo.coocieDemo(CoociesDemo.java:21)
at java.base/jdk.internal.reflect.DirectMethodHandleAccessor.invoke(DirectMethodHandleAccessor.java:104)
at java.base/java.lang.reflect.Method.invoke(Method.java:565)
at org.testng.internal.invokers.MethodInvocationHelper.invokeMethod(MethodInvocationHelper.java:141)
at org.testng.internal.invokers.TestInvoker.invokeMethod(TestInvoker.java:687)
at org.testng.internal.invokers.TestInvoker.invokeTestMethod(TestInvoker.java:230)
at org.testng.internal.invokers.MethodRunner.runInSequence(MethodRunner.java:63)
at org.testng.internal.invokers.TestInvoker$MethodInvocationAgent.invoke(TestInvoker.java:995)
at org.testng.internal.invokers.TestInvoker.invokeTestMethods(TestInvoker.java:203)
at org.testng.internal.invokers.TestMethodWorker.invokeTestMethods(TestMethodWorker.java:154)
at org.testng.internal.invokers.TestMethodWorker.run(TestMethodWorker.java:134)
at java.base/java.util.ArrayList.forEach(ArrayList.java:1604)
at org.testng.TestRunner.privateRun(TestRunner.java:741)
at org.testng.TestRunner.run(TestRunner.java:616)
at org.testng.SuiteRunner.runTest(SuiteRunner.java:421)
at org.testng.SuiteRunner.runSequentially(SuiteRunner.java:413)
at org.testng.SuiteRunner.privateRun(SuiteRunner.java:373)
at org.testng.SuiteRunner.run(SuiteRunner.java:312)
at org.testng.SuiteRunnerWorker.runSuite(SuiteRunnerWorker.java:52)
at org.testng.SuiteRunnerWorker.run(SuiteRunnerWorker.java:95)
at org.testng.TestNG.runSuitesSequentially(TestNG.java:1274)
at org.testng.TestNG.runSuitesLocally(TestNG.java:1208)
at org.testng.TestNG.runSuites(TestNG.java:1112)
at org.testng.TestNG.run(TestNG.java:1079)
at org.apache.maven.surefire.testng.TestNGExecutor.run(TestNGExecutor.java:308)
at org.apache.maven.surefire.testng.TestNGXmlTestSuite.execute(TestNGXmlTestSuite.java:71)
at org.apache.maven.surefire.testng.TestNGProvider.invoke(TestNGProvider.java:113)
at org.apache.maven.surefire.booter.ForkedBooter.runSuitesInProcess(ForkedBooter.java:385)
at org.apache.maven.surefire.booter.ForkedBooter.execute(ForkedBooter.java:162)
at org.apache.maven.surefire.booter.ForkedBooter.run(ForkedBooter.java:507)
at org.apache.maven.surefire.booter.ForkedBooter.main(ForkedBooter.java:495)
]]>
    </failure>
  </testcase> <!-- coocieDemo -->
  <testcase classname="Day3.CoociesDemo" name="GetCoocieInfo" time="0.649"/>
  <testcase classname="Day3.HeadersDemo" name="testHeaders" time="0.551"/>
  <testcase classname="Day3.HeadersDemo" name="getHeaders" time="0.539"/>
  <testcase classname="Day3.TestQueryAndPathParameters" name="testQueryAndPathParameters" time="0.734"/>
  <testcase classname="Day5_Parsing_XML_Respons.FileUploadAndDownload" name="downloadFile" time="1.892"/>
  <testcase classname="Day5_Parsing_XML_Respons.FileUploadAndDownload" name="multiFileUpload" time="1.397"/>
  <testcase classname="Day5_Parsing_XML_Respons.FileUploadAndDownload" name="singleFileUpload" time="0.899"/>
  <testcase classname="Day5_Parsing_XML_Respons.ParsingXMLResponse" name="testXMLResponse" time="0.598"/>
</testsuite> <!-- API Tests -->
