<?xml version="1.0" encoding="UTF-8"?>
<!-- Generated by org.testng.reporters.JUnitReportReporter -->
<testsuite hostname="1s-iMac.local" failures="0" tests="3" name="Day5_Parsing_XML_Respons.FileUploadAndDownload" time="4.188" errors="0" timestamp="2026-03-03T18:06:21 GMT+05:00" skipped="0">
  <testcase classname="Day5_Parsing_XML_Respons.FileUploadAndDownload" name="multiFileUpload" time="1.397"/>
  <testcase classname="Day5_Parsing_XML_Respons.FileUploadAndDownload" name="downloadFile" time="1.892"/>
  <testcase classname="Day5_Parsing_XML_Respons.FileUploadAndDownload" name="singleFileUpload" time="0.899"/>
</testsuite> <!-- Day5_Parsing_XML_Respons.FileUploadAndDownload -->
